Exception - 14/03/2023 16:39:42 -    at System.DateTimeParse.ParseExact(ReadOnlySpan`1 s, ReadOnlySpan`1 format, DateTimeFormatInfo dtfi, DateTimeStyles style, TimeSpan& offset)
   at System.DateTimeOffset.ParseExact(String input, String format, IFormatProvider formatProvider, DateTimeStyles styles)
   at System.DateTimeOffset.ParseExact(String input, String format, IFormatProvider formatProvider)
   at News.Entity.RssFeedExtraction.ExtractDateTimeFitSQL(String pubDate) in C:\Users\User\source\repos\News\News.Entity\RssFeedExtraction.cs:line 121
   at News.Entity.Websites.Globes.FeedExtraction(XmlDocument xmlDoc, Category category) in C:\Users\User\source\repos\News\News.Entity\Websites\Globes.cs:line 40, String 'Tue, 14 Mar 2023 16:24:49' was not recognized as a valid DateTime.
Exception - 14/03/2023 16:39:43 -    at System.DateTimeParse.ParseExact(ReadOnlySpan`1 s, ReadOnlySpan`1 format, DateTimeFormatInfo dtfi, DateTimeStyles style, TimeSpan& offset)
   at System.DateTimeOffset.ParseExact(String input, String format, IFormatProvider formatProvider, DateTimeStyles styles)
   at System.DateTimeOffset.ParseExact(String input, String format, IFormatProvider formatProvider)
   at News.Entity.RssFeedExtraction.ExtractDateTimeFitSQL(String pubDate) in C:\Users\User\source\repos\News\News.Entity\RssFeedExtraction.cs:line 121
   at News.Entity.Websites.Globes.FeedExtraction(XmlDocument xmlDoc, Category category) in C:\Users\User\source\repos\News\News.Entity\Websites\Globes.cs:line 40, String 'Tue, 14 Mar 2023 11:26:58' was not recognized as a valid DateTime.
Exception - 14/03/2023 16:39:43 -    at System.DateTimeParse.ParseExact(ReadOnlySpan`1 s, ReadOnlySpan`1 format, DateTimeFormatInfo dtfi, DateTimeStyles style, TimeSpan& offset)
   at System.DateTimeOffset.ParseExact(String input, String format, IFormatProvider formatProvider, DateTimeStyles styles)
   at System.DateTimeOffset.ParseExact(String input, String format, IFormatProvider formatProvider)
   at News.Entity.RssFeedExtraction.ExtractDateTimeFitSQL(String pubDate) in C:\Users\User\source\repos\News\News.Entity\RssFeedExtraction.cs:line 121
   at News.Entity.RssFeedExtraction.FeedExtraction(XmlDocument xmlDoc, Category category) in C:\Users\User\source\repos\News\News.Entity\RssFeedExtraction.cs:line 38, String 'Tue, 14 Mar 2023 12:26:54 +0200' was not recognized as a valid DateTime.
Exception - 14/03/2023 16:39:42 -    at System.DateTimeParse.ParseExact(ReadOnlySpan`1 s, ReadOnlySpan`1 format, DateTimeFormatInfo dtfi, DateTimeStyles style, TimeSpan& offset)
   at System.DateTimeOffset.ParseExact(String input, String format, IFormatProvider formatProvider, DateTimeStyles styles)
   at System.DateTimeOffset.ParseExact(String input, String format, IFormatProvider formatProvider)
   at News.Entity.RssFeedExtraction.ExtractDateTimeFitSQL(String pubDate) in C:\Users\User\source\repos\News\News.Entity\RssFeedExtraction.cs:line 121
   at News.Entity.Websites.Globes.FeedExtraction(XmlDocument xmlDoc, Category category) in C:\Users\User\source\repos\News\News.Entity\Websites\Globes.cs:line 40, String 'Tue, 14 Mar 2023 14:43:29' was not recognized as a valid DateTime.
Event - 14/03/2023 16:58:15 - Get Rss Feeds And Send Http Request For Information About News
Exception - 14/03/2023 16:58:18 -    at System.DateTimeParse.ParseExact(ReadOnlySpan`1 s, ReadOnlySpan`1 format, DateTimeFormatInfo dtfi, DateTimeStyles style, TimeSpan& offset)
   at System.DateTimeOffset.ParseExact(String input, String format, IFormatProvider formatProvider, DateTimeStyles styles)
   at System.DateTimeOffset.ParseExact(String input, String format, IFormatProvider formatProvider)
   at News.Entity.RssFeedExtraction.ExtractDateTimeFitSQL(String pubDate) in C:\Users\User\source\repos\News\News.Entity\RssFeedExtraction.cs:line 124
   at News.Entity.Websites.Globes.FeedExtraction(XmlDocument xmlDoc, Category category) in C:\Users\User\source\repos\News\News.Entity\Websites\Globes.cs:line 40, String 'Tue, 14 Mar 2023 09:18:03' was not recognized as a valid DateTime.
Exception - 14/03/2023 16:58:18 -    at System.DateTimeParse.ParseExact(ReadOnlySpan`1 s, ReadOnlySpan`1 format, DateTimeFormatInfo dtfi, DateTimeStyles style, TimeSpan& offset)
   at System.DateTimeOffset.ParseExact(String input, String format, IFormatProvider formatProvider, DateTimeStyles styles)
   at System.DateTimeOffset.ParseExact(String input, String format, IFormatProvider formatProvider)
   at News.Entity.RssFeedExtraction.ExtractDateTimeFitSQL(String pubDate) in C:\Users\User\source\repos\News\News.Entity\RssFeedExtraction.cs:line 124
   at News.Entity.Websites.Globes.FeedExtraction(XmlDocument xmlDoc, Category category) in C:\Users\User\source\repos\News\News.Entity\Websites\Globes.cs:line 40, String 'Tue, 14 Mar 2023 16:50:49' was not recognized as a valid DateTime.
Exception - 14/03/2023 16:58:18 -    at System.DateTimeParse.ParseExact(ReadOnlySpan`1 s, ReadOnlySpan`1 format, DateTimeFormatInfo dtfi, DateTimeStyles style, TimeSpan& offset)
   at System.DateTimeOffset.ParseExact(String input, String format, IFormatProvider formatProvider, DateTimeStyles styles)
   at System.DateTimeOffset.ParseExact(String input, String format, IFormatProvider formatProvider)
   at News.Entity.RssFeedExtraction.ExtractDateTimeFitSQL(String pubDate) in C:\Users\User\source\repos\News\News.Entity\RssFeedExtraction.cs:line 124
   at News.Entity.Websites.Globes.FeedExtraction(XmlDocument xmlDoc, Category category) in C:\Users\User\source\repos\News\News.Entity\Websites\Globes.cs:line 40, String 'Tue, 14 Mar 2023 11:34:50' was not recognized as a valid DateTime.
Exception - 14/03/2023 16:58:18 -    at System.DateTimeParse.ParseExact(ReadOnlySpan`1 s, ReadOnlySpan`1 format, DateTimeFormatInfo dtfi, DateTimeStyles style, TimeSpan& offset)
   at System.DateTimeOffset.ParseExact(String input, String format, IFormatProvider formatProvider, DateTimeStyles styles)
   at System.DateTimeOffset.ParseExact(String input, String format, IFormatProvider formatProvider)
   at News.Entity.RssFeedExtraction.ExtractDateTimeFitSQL(String pubDate) in C:\Users\User\source\repos\News\News.Entity\RssFeedExtraction.cs:line 124
   at News.Entity.Websites.Globes.FeedExtraction(XmlDocument xmlDoc, Category category) in C:\Users\User\source\repos\News\News.Entity\Websites\Globes.cs:line 40, String 'Tue, 14 Mar 2023 15:58:43' was not recognized as a valid DateTime.
Exception - 14/03/2023 16:58:18 -    at System.DateTimeParse.ParseExact(ReadOnlySpan`1 s, ReadOnlySpan`1 format, DateTimeFormatInfo dtfi, DateTimeStyles style, TimeSpan& offset)
   at System.DateTimeOffset.ParseExact(String input, String format, IFormatProvider formatProvider, DateTimeStyles styles)
   at System.DateTimeOffset.ParseExact(String input, String format, IFormatProvider formatProvider)
   at News.Entity.RssFeedExtraction.ExtractDateTimeFitSQL(String pubDate) in C:\Users\User\source\repos\News\News.Entity\RssFeedExtraction.cs:line 124
   at News.Entity.Websites.Globes.FeedExtraction(XmlDocument xmlDoc, Category category) in C:\Users\User\source\repos\News\News.Entity\Websites\Globes.cs:line 40, String 'Tue, 14 Mar 2023 11:26:58' was not recognized as a valid DateTime.
Exception - 14/03/2023 16:58:18 -    at System.DateTimeParse.ParseExact(ReadOnlySpan`1 s, ReadOnlySpan`1 format, DateTimeFormatInfo dtfi, DateTimeStyles style, TimeSpan& offset)
   at System.DateTimeOffset.ParseExact(String input, String format, IFormatProvider formatProvider, DateTimeStyles styles)
   at System.DateTimeOffset.ParseExact(String input, String format, IFormatProvider formatProvider)
   at News.Entity.RssFeedExtraction.ExtractDateTimeFitSQL(String pubDate) in C:\Users\User\source\repos\News\News.Entity\RssFeedExtraction.cs:line 124
   at News.Entity.Websites.Globes.FeedExtraction(XmlDocument xmlDoc, Category category) in C:\Users\User\source\repos\News\News.Entity\Websites\Globes.cs:line 40, String 'Tue, 14 Mar 2023 16:48:35' was not recognized as a valid DateTime.
Exception - 14/03/2023 16:58:18 -    at System.DateTimeParse.ParseExact(ReadOnlySpan`1 s, ReadOnlySpan`1 format, DateTimeFormatInfo dtfi, DateTimeStyles style, TimeSpan& offset)
   at System.DateTimeOffset.ParseExact(String input, String format, IFormatProvider formatProvider, DateTimeStyles styles)
   at System.DateTimeOffset.ParseExact(String input, String format, IFormatProvider formatProvider)
   at News.Entity.RssFeedExtraction.ExtractDateTimeFitSQL(String pubDate) in C:\Users\User\source\repos\News\News.Entity\RssFeedExtraction.cs:line 124
   at News.Entity.Websites.Globes.FeedExtraction(XmlDocument xmlDoc, Category category) in C:\Users\User\source\repos\News\News.Entity\Websites\Globes.cs:line 40, String 'Tue, 14 Mar 2023 14:43:29' was not recognized as a valid DateTime.
Exception - 14/03/2023 16:58:18 -    at System.Data.Entity.Core.EntityClient.EntityConnection.Open()
   at System.Data.Entity.Core.Objects.ObjectContext.EnsureConnection(Boolean shouldMonitorTransactions)
   at System.Data.Entity.Core.Objects.ObjectContext.ExecuteInTransaction[T](Func`1 func, IDbExecutionStrategy executionStrategy, Boolean startLocalTransaction, Boolean releaseConnectionOnSuccess)
   at System.Data.Entity.Core.Objects.ObjectQuery`1.<>c__DisplayClass41_0.<GetResults>b__0()
   at System.Data.Entity.SqlServer.DefaultSqlExecutionStrategy.Execute[TResult](Func`1 operation)
   at System.Data.Entity.Core.Objects.ObjectQuery`1.<System.Collections.Generic.IEnumerable<T>.GetEnumerator>b__31_0()
   at System.Data.Entity.Internal.LazyEnumerator`1.MoveNext()
   at System.Linq.Enumerable.TryGetSingle[TSource](IEnumerable`1 source, Boolean& found)
   at System.Linq.Enumerable.Single[TSource](IEnumerable`1 source)
   at System.Linq.Queryable.Any[TSource](IQueryable`1 source, Expression`1 predicate)
   at News.Entity.RssFeedExtraction.FeedExtraction(XmlDocument xmlDoc, Category category) in C:\Users\User\source\repos\News\News.Entity\RssFeedExtraction.cs:line 57, The underlying provider failed on Open.
Exception - 14/03/2023 16:58:18 -    at System.Data.Entity.Core.EntityClient.EntityConnection.Open()
   at System.Data.Entity.Core.Objects.ObjectContext.EnsureConnection(Boolean shouldMonitorTransactions)
   at System.Data.Entity.Core.Objects.ObjectContext.ExecuteInTransaction[T](Func`1 func, IDbExecutionStrategy executionStrategy, Boolean startLocalTransaction, Boolean releaseConnectionOnSuccess)
   at System.Data.Entity.Core.Objects.ObjectQuery`1.<>c__DisplayClass41_0.<GetResults>b__0()
   at System.Data.Entity.SqlServer.DefaultSqlExecutionStrategy.Execute[TResult](Func`1 operation)
   at System.Data.Entity.Core.Objects.ObjectQuery`1.<System.Collections.Generic.IEnumerable<T>.GetEnumerator>b__31_0()
   at System.Data.Entity.Internal.LazyEnumerator`1.MoveNext()
   at System.Linq.Enumerable.TryGetSingle[TSource](IEnumerable`1 source, Boolean& found)
   at System.Linq.Enumerable.Single[TSource](IEnumerable`1 source)
   at System.Linq.Queryable.Any[TSource](IQueryable`1 source, Expression`1 predicate)
   at News.Entity.RssFeedExtraction.FeedExtraction(XmlDocument xmlDoc, Category category) in C:\Users\User\source\repos\News\News.Entity\RssFeedExtraction.cs:line 57, The underlying provider failed on Open.
Exception - 14/03/2023 16:58:18 -    at System.DateTimeParse.ParseExact(ReadOnlySpan`1 s, ReadOnlySpan`1 format, DateTimeFormatInfo dtfi, DateTimeStyles style, TimeSpan& offset)
   at System.DateTimeOffset.ParseExact(String input, String format, IFormatProvider formatProvider, DateTimeStyles styles)
   at System.DateTimeOffset.ParseExact(String input, String format, IFormatProvider formatProvider)
   at News.Entity.RssFeedExtraction.ExtractDateTimeFitSQL(String pubDate) in C:\Users\User\source\repos\News\News.Entity\RssFeedExtraction.cs:line 124
   at News.Entity.RssFeedExtraction.FeedExtraction(XmlDocument xmlDoc, Category category) in C:\Users\User\source\repos\News\News.Entity\RssFeedExtraction.cs:line 39, String 'Tue, 14 Mar 2023 16:18:05 +0200' was not recognized as a valid DateTime.
Exception - 14/03/2023 16:58:18 -    at System.DateTimeParse.ParseExact(ReadOnlySpan`1 s, ReadOnlySpan`1 format, DateTimeFormatInfo dtfi, DateTimeStyles style, TimeSpan& offset)
   at System.DateTimeOffset.ParseExact(String input, String format, IFormatProvider formatProvider, DateTimeStyles styles)
   at System.DateTimeOffset.ParseExact(String input, String format, IFormatProvider formatProvider)
   at News.Entity.RssFeedExtraction.ExtractDateTimeFitSQL(String pubDate) in C:\Users\User\source\repos\News\News.Entity\RssFeedExtraction.cs:line 124
   at News.Entity.RssFeedExtraction.FeedExtraction(XmlDocument xmlDoc, Category category) in C:\Users\User\source\repos\News\News.Entity\RssFeedExtraction.cs:line 39, String 'Tue, 14 Mar 2023 12:26:54 +0200' was not recognized as a valid DateTime.
Exception - 14/03/2023 16:58:18 -    at System.Data.Entity.Core.EntityClient.EntityConnection.BeginDbTransaction(IsolationLevel isolationLevel)
   at System.Data.Entity.Core.EntityClient.EntityConnection.BeginTransaction()
   at System.Data.Entity.Core.Objects.ObjectContext.ExecuteInTransaction[T](Func`1 func, IDbExecutionStrategy executionStrategy, Boolean startLocalTransaction, Boolean releaseConnectionOnSuccess)
   at System.Data.Entity.Core.Objects.ObjectContext.SaveChangesToStore(SaveOptions options, IDbExecutionStrategy executionStrategy, Boolean startLocalTransaction)
   at System.Data.Entity.SqlServer.DefaultSqlExecutionStrategy.Execute[TResult](Func`1 operation)
   at System.Data.Entity.Core.Objects.ObjectContext.SaveChangesInternal(SaveOptions options, Boolean executeInExistingTransaction)
   at System.Data.Entity.Internal.InternalContext.SaveChanges()
   at News.DAL.Repository`1.Insert(TEntity entity) in C:\Users\User\source\repos\News\News.DAL\CRUD.cs:line 106
   at News.Entity.RssFeedExtraction.FeedExtraction(XmlDocument xmlDoc, Category category) in C:\Users\User\source\repos\News\News.Entity\RssFeedExtraction.cs:line 64, An error occurred while starting a transaction on the provider connection. See the inner exception for details.
Exception - 14/03/2023 16:58:18 -    at System.DateTimeParse.ParseExact(ReadOnlySpan`1 s, ReadOnlySpan`1 format, DateTimeFormatInfo dtfi, DateTimeStyles style, TimeSpan& offset)
   at System.DateTimeOffset.ParseExact(String input, String format, IFormatProvider formatProvider, DateTimeStyles styles)
   at System.DateTimeOffset.ParseExact(String input, String format, IFormatProvider formatProvider)
   at News.Entity.RssFeedExtraction.ExtractDateTimeFitSQL(String pubDate) in C:\Users\User\source\repos\News\News.Entity\RssFeedExtraction.cs:line 124
   at News.Entity.RssFeedExtraction.FeedExtraction(XmlDocument xmlDoc, Category category) in C:\Users\User\source\repos\News\News.Entity\RssFeedExtraction.cs:line 39, String 'Tue, 14 Mar 2023 14:15:14 +0200' was not recognized as a valid DateTime.
Event - 14/03/2023 17:32:06 - Get Rss Feeds And Send Http Request For Information About News
Event - 14/03/2023 17:37:22 - Get Rss Feeds And Send Http Request For Information About News
